<?xml version="1.0" encoding="UTF-8"?>
<!-- Generated by org.testng.reporters.JUnitReportReporter -->
<testsuite skipped="0" hostname="rakesh-PC" name="com.testscripts.TC_1" tests="1" failures="0" timestamp="02 Dec 2018 09:00:59 GMT" time="10.508" errors="0">
  <testcase name="tc_1" time="10.508" classname="com.testscripts.TC_1"/>
</testsuite> <!-- com.testscripts.TC_1 -->
