<?xml version="1.0" encoding="UTF-8"?>
<!-- Generated by org.testng.reporters.JUnitReportReporter -->
<testsuite skipped="0" hostname="rakesh-PC" name="com.testscripts.TC_3" tests="2" failures="0" timestamp="08 Dec 2018 07:41:59 GMT" time="12.901" errors="0">
  <testcase name="tc_3" time="6.084" classname="com.testscripts.TC_3"/>
  <testcase name="tc_3" time="6.817" classname="com.testscripts.TC_3"/>
</testsuite> <!-- com.testscripts.TC_3 -->
