<?xml version="1.0" encoding="UTF-8"?>
<!-- Generated by org.testng.reporters.JUnitReportReporter -->
<testsuite skipped="0" hostname="rakesh-PC" name="com.testscripts.TC_1" tests="1" failures="0" timestamp="09 Dec 2018 08:19:06 GMT" time="8.521" errors="0">
  <testcase name="tc_1" time="8.521" classname="com.testscripts.TC_1"/>
</testsuite> <!-- com.testscripts.TC_1 -->
